GroupMessenger1/app/build/intermediates/manifest_merge_blame_file/debug/manifest-merger-blame-debug-report.txt
1<?xml version="1.0" encoding="utf-8"?>
2<manifest xmlns:android="http://schemas.android.com/apk/res/android"
3    package="edu.buffalo.cse.cse486586.groupmessenger1"
4    android:versionCode="1"
5    android:versionName="1.0" >
6
7    <uses-sdk
8        android:minSdkVersion="19"
8-->src/main/AndroidManifest.xml
9        android:targetSdkVersion="19" />
9-->src/main/AndroidManifest.xml
10
11    <uses-permission android:name="android.permission.INTERNET" />
11-->src/main/AndroidManifest.xml:7:5-66
11-->src/main/AndroidManifest.xml:7:22-64
12    <uses-permission android:name="android.permission.READ_PHONE_STATE" />
12-->src/main/AndroidManifest.xml:8:5-74
12-->src/main/AndroidManifest.xml:8:22-72
13
14    <application
14-->src/main/AndroidManifest.xml:10:5-26:19
15        android:allowBackup="true"
15-->src/main/AndroidManifest.xml:11:9-35
16        android:debuggable="true"
17        android:icon="@drawable/ic_launcher"
17-->src/main/AndroidManifest.xml:12:9-45
18        android:label="@string/app_name"
18-->src/main/AndroidManifest.xml:13:9-41
19        android:testOnly="true"
20        android:theme="@style/AppTheme" >
20-->src/main/AndroidManifest.xml:14:9-40
21        <activity
21-->src/main/AndroidManifest.xml:15:9-23:20
22            android:name="edu.buffalo.cse.cse486586.groupmessenger1.GroupMessengerActivity"
22-->src/main/AndroidManifest.xml:16:13-92
23            android:label="@string/app_name" >
23-->src/main/AndroidManifest.xml:17:13-45
24            <intent-filter>
24-->src/main/AndroidManifest.xml:18:13-22:29
25                <action android:name="android.intent.action.MAIN" />
25-->src/main/AndroidManifest.xml:19:17-69
25-->src/main/AndroidManifest.xml:19:25-66
26
27                <category android:name="android.intent.category.LAUNCHER" />
27-->src/main/AndroidManifest.xml:21:17-77
27-->src/main/AndroidManifest.xml:21:27-74
28            </intent-filter>
29        </activity>
30
31        <provider
31-->src/main/AndroidManifest.xml:24:9-25:88
32            android:name="edu.buffalo.cse.cse486586.groupmessenger1.GroupMessengerProvider"
32-->src/main/AndroidManifest.xml:24:19-98
33            android:authorities="edu.buffalo.cse.cse486586.groupmessenger1.provider" />
33-->src/main/AndroidManifest.xml:25:13-85
34    </application>
35
36</manifest>